<?xml version="1.0" encoding="UTF-8"?>
<!-- Generated by org.testng.reporters.JUnitXMLReporter -->
<testsuite ignored="1" hostname="LAPTOP-88B9OL0C" failures="0" tests="2" name="Test" time="0.044" errors="0" timestamp="2022-02-07T23:05:58 IST">
  <testcase classname="NewPackage.newww" name="color1" time="0.008"/>
  <testcase classname="NewPackage.newww" name="color2" time="0.001"/>
  <testcase classname="NewPackage.newww" name="color3" time="0.0">
    <ignored/>
  </testcase> <!-- color3 -->
</testsuite> <!-- Test -->
