<?xml version="1.0" encoding="UTF-8"?>
<testng-results total="1" passed="1" failed="0" skipped="0">
  <reporter-output>
  </reporter-output>
  <suite started-at="2022-02-09T08:47:20Z" name="Default suite" finished-at="2022-02-09T08:47:27Z" duration-ms="6988">
    <groups>
    </groups>
    <test started-at="2022-02-09T08:47:20Z" name="Default test" finished-at="2022-02-09T08:47:27Z" duration-ms="6988">
      <class name="Test.extentreport">
        <test-method is-config="true" signature="beforeSuite()[pri:0, instance:Test.extentreport@481ba2cf]" started-at="2022-02-09T14:17:20Z" name="beforeSuite" finished-at="2022-02-09T14:17:20Z" duration-ms="156" status="PASS">
          <reporter-output>
          </reporter-output>
        </test-method> <!-- beforeSuite -->
        <test-method is-config="true" signature="beforeTest()[pri:0, instance:Test.extentreport@481ba2cf]" started-at="2022-02-09T14:17:20Z" name="beforeTest" finished-at="2022-02-09T14:17:22Z" duration-ms="1667" status="PASS">
          <reporter-output>
          </reporter-output>
        </test-method> <!-- beforeTest -->
        <test-method signature="f()[pri:0, instance:Test.extentreport@481ba2cf]" started-at="2022-02-09T14:17:22Z" name="f" finished-at="2022-02-09T14:17:27Z" duration-ms="5103" status="PASS">
          <reporter-output>
          </reporter-output>
        </test-method> <!-- f -->
        <test-method is-config="true" signature="afterTest()[pri:0, instance:Test.extentreport@481ba2cf]" started-at="2022-02-09T14:17:27Z" name="afterTest" finished-at="2022-02-09T14:17:27Z" duration-ms="197" status="PASS">
          <reporter-output>
          </reporter-output>
        </test-method> <!-- afterTest -->
        <test-method is-config="true" signature="afterSuite()[pri:0, instance:Test.extentreport@481ba2cf]" started-at="2022-02-09T14:17:27Z" name="afterSuite" finished-at="2022-02-09T14:17:28Z" duration-ms="638" status="PASS">
          <reporter-output>
          </reporter-output>
        </test-method> <!-- afterSuite -->
      </class> <!-- Test.extentreport -->
    </test> <!-- Default test -->
  </suite> <!-- Default suite -->
</testng-results>
