<?xml version="1.0" encoding="UTF-8"?>
<testng-results ignored="0" total="1" passed="1" failed="0" skipped="0">
  <reporter-output>
  </reporter-output>
  <suite started-at="2022-02-09T20:16:47 IST" name="Default suite" finished-at="2022-02-09T20:16:55 IST" duration-ms="8530">
    <groups>
    </groups>
    <test started-at="2022-02-09T20:16:47 IST" name="Default test" finished-at="2022-02-09T20:16:55 IST" duration-ms="8530">
      <class name="NewPackage.pincode">
        <test-method is-config="true" signature="beforeMethod()[pri:0, instance:NewPackage.pincode@57cf54e1]" started-at="2022-02-09T20:16:47 IST" name="beforeMethod" finished-at="2022-02-09T20:16:55 IST" duration-ms="8034" status="PASS">
          <reporter-output>
          </reporter-output>
        </test-method> <!-- beforeMethod -->
        <test-method signature="f()[pri:0, instance:NewPackage.pincode@57cf54e1]" started-at="2022-02-09T20:16:55 IST" name="f" finished-at="2022-02-09T20:16:55 IST" duration-ms="256" status="PASS">
          <reporter-output>
          </reporter-output>
        </test-method> <!-- f -->
        <test-method is-config="true" signature="afterMethod()[pri:0, instance:NewPackage.pincode@57cf54e1]" started-at="2022-02-09T20:16:55 IST" name="afterMethod" finished-at="2022-02-09T20:16:55 IST" duration-ms="198" status="PASS">
          <reporter-output>
          </reporter-output>
        </test-method> <!-- afterMethod -->
      </class> <!-- NewPackage.pincode -->
    </test> <!-- Default test -->
  </suite> <!-- Default suite -->
</testng-results>
