<?xml version="1.0" encoding="UTF-8"?>
<testng-results ignored="0" total="1" passed="1" failed="0" skipped="0">
  <reporter-output>
  </reporter-output>
  <suite started-at="2022-02-11T10:02:06 IST" name="Default suite" finished-at="2022-02-11T10:02:31 IST" duration-ms="24586">
    <groups>
    </groups>
    <test started-at="2022-02-11T10:02:06 IST" name="Default test" finished-at="2022-02-11T10:02:31 IST" duration-ms="24586">
      <class name="NewPackage.Properties2">
        <test-method is-config="true" signature="beforeMethod()[pri:0, instance:NewPackage.Properties2@3a44431a]" started-at="2022-02-11T10:02:06 IST" name="beforeMethod" finished-at="2022-02-11T10:02:08 IST" duration-ms="1943" status="PASS">
          <reporter-output>
          </reporter-output>
        </test-method> <!-- beforeMethod -->
        <test-method signature="f()[pri:0, instance:NewPackage.Properties2@3a44431a]" started-at="2022-02-11T10:02:08 IST" name="f" finished-at="2022-02-11T10:02:31 IST" duration-ms="22398" status="PASS">
          <reporter-output>
          </reporter-output>
        </test-method> <!-- f -->
        <test-method is-config="true" signature="afterMethod()[pri:0, instance:NewPackage.Properties2@3a44431a]" started-at="2022-02-11T10:02:31 IST" name="afterMethod" finished-at="2022-02-11T10:02:31 IST" duration-ms="210" status="PASS">
          <reporter-output>
          </reporter-output>
        </test-method> <!-- afterMethod -->
      </class> <!-- NewPackage.Properties2 -->
    </test> <!-- Default test -->
  </suite> <!-- Default suite -->
</testng-results>
